Flow report for SoundModule
Wed Mar 27 03:45:44 2019
Quartus II 64-Bit Version 10.1 Build 197 01/19/2011 Service Pack 1 SJ Web Edition


---------------------
; Table of Contents ;
---------------------
  1. Legal Notice
  2. Flow Summary
  3. Flow Settings
  4. Flow Non-Default Global Settings
  5. Flow Elapsed Time
  6. Flow OS Summary
  7. Flow Log



----------------
; Legal Notice ;
----------------
Copyright (C) 1991-2011 Altera Corporation
Your use of Altera Corporation's design tools, logic functions 
and other software and tools, and its AMPP partner logic 
functions, and any output files from any of the foregoing 
(including device programming or simulation files), and any 
associated documentation or information are expressly subject 
to the terms and conditions of the Altera Program License 
Subscription Agreement, Altera MegaCore Function License 
Agreement, or other applicable license agreement, including, 
without limitation, that your use is for the sole purpose of 
programming logic devices manufactured by Altera and sold by 
Altera or its authorized distributors.  Please refer to the 
applicable agreement for further details.



+------------------------------------------------------------------------------------+
; Flow Summary                                                                       ;
+------------------------------------+-----------------------------------------------+
; Flow Status                        ; Successful - Wed Mar 27 03:45:43 2019         ;
; Quartus II 64-Bit Version          ; 10.1 Build 197 01/19/2011 SP 1 SJ Web Edition ;
; Revision Name                      ; SoundModule                                   ;
; Top-level Entity Name              ; SoundModule                                   ;
; Family                             ; Cyclone IV E                                  ;
; Device                             ; EP4CE22F17C6                                  ;
; Timing Models                      ; Final                                         ;
; Total logic elements               ; 898 / 22,320 ( 4 % )                          ;
;     Total combinational functions  ; 860 / 22,320 ( 4 % )                          ;
;     Dedicated logic registers      ; 183 / 22,320 ( < 1 % )                        ;
; Total registers                    ; 183                                           ;
; Total pins                         ; 13 / 154 ( 8 % )                              ;
; Total virtual pins                 ; 0                                             ;
; Total memory bits                  ; 12,288 / 608,256 ( 2 % )                      ;
; Embedded Multiplier 9-bit elements ; 16 / 132 ( 12 % )                             ;
; Total PLLs                         ; 0 / 4 ( 0 % )                                 ;
+------------------------------------+-----------------------------------------------+


+-----------------------------------------+
; Flow Settings                           ;
+-------------------+---------------------+
; Option            ; Setting             ;
+-------------------+---------------------+
; Start date & time ; 03/27/2019 03:45:28 ;
; Main task         ; Compilation         ;
; Revision Name     ; SoundModule         ;
+-------------------+---------------------+


+-----------------------------------------------------------------------------------------------------------------------------------------------------+
; Flow Non-Default Global Settings                                                                                                                    ;
+-------------------------------------+--------------------------------------------------------------------+---------------+-------------+------------+
; Assignment Name                     ; Value                                                              ; Default Value ; Entity Name ; Section Id ;
+-------------------------------------+--------------------------------------------------------------------+---------------+-------------+------------+
; COMPILER_SIGNATURE_ID               ; 10995770589193.155367632809744                                     ; --            ; --          ; --         ;
; IP_TOOL_NAME                        ; ROM: 1-PORT                                                        ; --            ; --          ; --         ;
; IP_TOOL_NAME                        ; ROM: 1-PORT                                                        ; --            ; --          ; --         ;
; IP_TOOL_NAME                        ; ROM: 1-PORT                                                        ; --            ; --          ; --         ;
; IP_TOOL_VERSION                     ; 10.1                                                               ; --            ; --          ; --         ;
; IP_TOOL_VERSION                     ; 10.1                                                               ; --            ; --          ; --         ;
; IP_TOOL_VERSION                     ; 10.1                                                               ; --            ; --          ; --         ;
; MAX_CORE_JUNCTION_TEMP              ; 85                                                                 ; --            ; --          ; --         ;
; MIN_CORE_JUNCTION_TEMP              ; 0                                                                  ; --            ; --          ; --         ;
; MISC_FILE                           ; C:/Users/Andy/Desktop/fpga-synth/code/sound-module/SoundModule.dpf ; --            ; --          ; --         ;
; MISC_FILE                           ; WaveTable0Rom_bb.v                                                 ; --            ; --          ; --         ;
; MISC_FILE                           ; WaveTable1Rom_bb.v                                                 ; --            ; --          ; --         ;
; MISC_FILE                           ; WaveTable2Rom_bb.v                                                 ; --            ; --          ; --         ;
; PARTITION_COLOR                     ; 16764057                                                           ; --            ; --          ; Top        ;
; PARTITION_FITTER_PRESERVATION_LEVEL ; PLACEMENT_AND_ROUTING                                              ; --            ; --          ; Top        ;
; PARTITION_NETLIST_TYPE              ; SOURCE                                                             ; --            ; --          ; Top        ;
; POWER_BOARD_THERMAL_MODEL           ; None (CONSERVATIVE)                                                ; --            ; --          ; --         ;
; POWER_PRESET_COOLING_SOLUTION       ; 23 MM HEAT SINK WITH 200 LFPM AIRFLOW                              ; --            ; --          ; --         ;
+-------------------------------------+--------------------------------------------------------------------+---------------+-------------+------------+


+-------------------------------------------------------------------------------------------------------------------------------+
; Flow Elapsed Time                                                                                                             ;
+---------------------------+--------------+-------------------------+---------------------+------------------------------------+
; Module Name               ; Elapsed Time ; Average Processors Used ; Peak Virtual Memory ; Total CPU Time (on all processors) ;
+---------------------------+--------------+-------------------------+---------------------+------------------------------------+
; Analysis & Synthesis      ; 00:00:05     ; 1.0                     ; 4508 MB             ; 00:00:04                           ;
; Fitter                    ; 00:00:07     ; 1.0                     ; 4621 MB             ; 00:00:07                           ;
; Assembler                 ; 00:00:02     ; 1.0                     ; 4487 MB             ; 00:00:01                           ;
; TimeQuest Timing Analyzer ; 00:00:03     ; 1.0                     ; 4526 MB             ; 00:00:03                           ;
; Total                     ; 00:00:17     ; --                      ; --                  ; 00:00:15                           ;
+---------------------------+--------------+-------------------------+---------------------+------------------------------------+


+----------------------------------------------------------------------------------------+
; Flow OS Summary                                                                        ;
+---------------------------+------------------+-----------+------------+----------------+
; Module Name               ; Machine Hostname ; OS Name   ; OS Version ; Processor type ;
+---------------------------+------------------+-----------+------------+----------------+
; Analysis & Synthesis      ; andy-desktop     ; Windows 7 ; 6.2        ; x86_64         ;
; Fitter                    ; andy-desktop     ; Windows 7 ; 6.2        ; x86_64         ;
; Assembler                 ; andy-desktop     ; Windows 7 ; 6.2        ; x86_64         ;
; TimeQuest Timing Analyzer ; andy-desktop     ; Windows 7 ; 6.2        ; x86_64         ;
+---------------------------+------------------+-----------+------------+----------------+


------------
; Flow Log ;
------------
quartus_map --read_settings_files=on --write_settings_files=off SoundModule -c SoundModule
quartus_fit --read_settings_files=off --write_settings_files=off SoundModule -c SoundModule
quartus_asm --read_settings_files=off --write_settings_files=off SoundModule -c SoundModule
quartus_sta SoundModule -c SoundModule



